<?xml version="1.0" encoding="UTF-8"?>
<!-- Generated by org.testng.reporters.JUnitReportReporter -->
<testsuite hostname="Dell-PC" name="NewTest.Homepage" tests="1" failures="0" timestamp="25 Sep 2017 07:39:24 GMT" time="55.164" errors="0">
  <testcase name="accessHomepage" time="55.164" classname="NewTest.Homepage"/>
</testsuite> <!-- NewTest.Homepage -->
