<?xml version="1.0" encoding="UTF-8"?>
<!-- Generated by org.testng.reporters.JUnitReportReporter -->
<testsuite hostname="Dell-PC" name="NewTest.EditProfile" tests="1" failures="0" timestamp="7 Oct 2017 03:27:17 GMT" time="75.170" errors="0">
  <testcase name="accessEditProfile" time="75.170" classname="NewTest.EditProfile"/>
</testsuite> <!-- NewTest.EditProfile -->
