<?xml version="1.0" encoding="UTF-8"?>
<!-- Generated by org.testng.reporters.JUnitReportReporter -->
<testsuite hostname="Dell-PC" name="NewTest.EditProfile" tests="1" failures="0" timestamp="6 Oct 2017 03:26:55 GMT" time="37.649" errors="0">
  <testcase name="accessEditProfile" time="37.649" classname="NewTest.EditProfile"/>
</testsuite> <!-- NewTest.EditProfile -->
